2025-10-03T16:46:18.274Z error: Error en middleware de autenticación
2025-10-03T16:55:29.133Z error: PrismaClientValidationError: 
Invalid `this.prisma.usuario.create()` invocation in
/home/finova/api_basica/src/prisma/prisma.service.ts:197:40

  194 async createUsuario(data: PrismaInterfaces.ICreateUsuario) {
  195   try {
  196     logger.info('Creando nuevo usuario', { data: { ...data, contrasena: '[HIDDEN]' } });
→ 197     return await this.prisma.usuario.create({
            data: {
              tipo_documento: "CC",
              documento: "1088238704",
              nombre: "Jean",
              apellido: "Duran",
              email: "jean.duran@superadmin.com",
              contrasena: "Admin123456",
              rol: "super_Admin",
                   ~~~~~~~~~~~~~
              estado: "activo"
            }
          })

Invalid value for argument `rol`. Expected usuario_rol.
    at throwValidationException (/home/finova/api_basica/node_modules/@prisma/client/src/runtime/core/errorRendering/throwValidationException.ts:45:9)
    at ei.handleRequestError (/home/finova/api_basica/node_modules/@prisma/client/src/runtime/RequestHandler.ts:202:7)
    at ei.handleAndLogRequestError (/home/finova/api_basica/node_modules/@prisma/client/src/runtime/RequestHandler.ts:174:12)
    at ei.request (/home/finova/api_basica/node_modules/@prisma/client/src/runtime/RequestHandler.ts:143:12)
    at a (/home/finova/api_basica/node_modules/@prisma/client/src/runtime/getPrismaClient.ts:833:24)
2025-10-03T16:55:29.133Z error: PrismaClientValidationError: 
Invalid `this.prisma.usuario.create()` invocation in
/home/finova/api_basica/src/prisma/prisma.service.ts:197:40

  194 async createUsuario(data: PrismaInterfaces.ICreateUsuario) {
  195   try {
  196     logger.info('Creando nuevo usuario', { data: { ...data, contrasena: '[HIDDEN]' } });
→ 197     return await this.prisma.usuario.create({
            data: {
              tipo_documento: "CC",
              documento: "1088238704",
              nombre: "Jean",
              apellido: "Duran",
              email: "jean.duran@superadmin.com",
              contrasena: "Admin123456",
              rol: "super_Admin",
                   ~~~~~~~~~~~~~
              estado: "activo"
            }
          })

Invalid value for argument `rol`. Expected usuario_rol.
    at throwValidationException (/home/finova/api_basica/node_modules/@prisma/client/src/runtime/core/errorRendering/throwValidationException.ts:45:9)
    at ei.handleRequestError (/home/finova/api_basica/node_modules/@prisma/client/src/runtime/RequestHandler.ts:202:7)
    at ei.handleAndLogRequestError (/home/finova/api_basica/node_modules/@prisma/client/src/runtime/RequestHandler.ts:174:12)
    at ei.request (/home/finova/api_basica/node_modules/@prisma/client/src/runtime/RequestHandler.ts:143:12)
    at a (/home/finova/api_basica/node_modules/@prisma/client/src/runtime/getPrismaClient.ts:833:24)
